10/10/2016 13:50:22, Info: Initializing SIMPLSharp Services...
10/10/2016 13:50:23, Info: ProjectInfo successfully initialized.
10/10/2016 13:50:30, Info: Commiting verification transaction...
10/10/2016 13:50:30, Info: Saving project information...
10/10/2016 13:52:00, Info: Initializing SIMPLSharp Services...
10/10/2016 13:52:00, Info: ProjectInfo successfully initialized.
10/10/2016 13:52:08, Info: Commiting verification transaction...
10/10/2016 13:52:08, Info: Saving project information...
10/10/2016 13:54:35, Info: Initializing SIMPLSharp Services...
10/10/2016 13:54:35, Info: ProjectInfo successfully initialized.
10/10/2016 13:54:42, Info: Commiting verification transaction...
10/10/2016 13:54:42, Info: Saving project information...
10/10/2016 13:57:59, Info: Initializing SIMPLSharp Services...
10/10/2016 13:57:59, Info: ProjectInfo successfully initialized.
10/10/2016 13:58:07, Info: Commiting verification transaction...
10/10/2016 13:58:07, Info: Saving project information...
10/10/2016 14:00:09, Info: Initializing SIMPLSharp Services...
10/10/2016 14:00:09, Info: ProjectInfo successfully initialized.
10/10/2016 14:00:16, Info: Commiting verification transaction...
10/10/2016 14:00:16, Info: Saving project information...
10/10/2016 14:06:03, Info: Initializing SIMPLSharp Services...
10/10/2016 14:06:03, Info: ProjectInfo successfully initialized.
10/10/2016 14:06:11, Info: Commiting verification transaction...
10/10/2016 14:06:11, Info: Saving project information...
10/10/2016 14:23:57, Info: Initializing SIMPLSharp Services...
10/10/2016 14:23:57, Info: ProjectInfo successfully initialized.
10/10/2016 14:24:05, Info: Commiting verification transaction...
10/10/2016 14:24:05, Info: Saving project information...
10/10/2016 14:26:52, Info: Initializing SIMPLSharp Services...
10/10/2016 14:26:52, Info: ProjectInfo successfully initialized.
10/10/2016 14:27:00, Info: Commiting verification transaction...
10/10/2016 14:27:00, Info: Saving project information...
10/10/2016 14:29:00, Info: Initializing SIMPLSharp Services...
10/10/2016 14:29:00, Info: ProjectInfo successfully initialized.
10/10/2016 14:29:08, Info: Commiting verification transaction...
10/10/2016 14:29:08, Info: Saving project information...
10/10/2016 14:32:16, Info: Initializing SIMPLSharp Services...
10/10/2016 14:32:16, Info: ProjectInfo successfully initialized.
10/10/2016 14:32:24, Info: Commiting verification transaction...
10/10/2016 14:32:24, Info: Saving project information...
10/10/2016 14:40:55, Info: Initializing SIMPLSharp Services...
10/10/2016 14:40:55, Info: ProjectInfo successfully initialized.
10/10/2016 14:41:02, Info: Commiting verification transaction...
10/10/2016 14:41:02, Info: Saving project information...
10/10/2016 14:46:50, Info: Initializing SIMPLSharp Services...
10/10/2016 14:46:50, Info: ProjectInfo successfully initialized.
10/10/2016 14:46:58, Info: Commiting verification transaction...
10/10/2016 14:46:58, Info: Saving project information...
10/10/2016 15:00:56, Info: Initializing SIMPLSharp Services...
10/10/2016 15:00:56, Info: ProjectInfo successfully initialized.
10/10/2016 15:01:05, Info: Commiting verification transaction...
10/10/2016 15:01:05, Info: Saving project information...
10/10/2016 15:15:12, Info: Initializing SIMPLSharp Services...
10/10/2016 15:15:12, Info: ProjectInfo successfully initialized.
10/10/2016 15:15:13, Info: Commiting verification transaction...
10/10/2016 15:15:13, Info: Saving project information...
10/10/2016 15:15:19, Info: Initializing SIMPLSharp Services...
10/10/2016 15:15:19, Info: ProjectInfo successfully initialized.
10/10/2016 15:15:28, Info: Commiting verification transaction...
10/10/2016 15:15:28, Info: Saving project information...
10/10/2016 15:26:44, Info: Initializing SIMPLSharp Services...
10/10/2016 15:26:44, Info: ProjectInfo successfully initialized.
10/10/2016 15:26:52, Info: Commiting verification transaction...
10/10/2016 15:26:52, Info: Saving project information...
10/10/2016 15:36:14, Info: Initializing SIMPLSharp Services...
10/10/2016 15:36:14, Info: ProjectInfo successfully initialized.
10/10/2016 15:36:23, Info: Commiting verification transaction...
10/10/2016 15:36:23, Info: Saving project information...
10/10/2016 15:43:43, Info: Initializing SIMPLSharp Services...
10/10/2016 15:43:43, Info: ProjectInfo successfully initialized.
10/10/2016 15:43:52, Info: Commiting verification transaction...
10/10/2016 15:43:52, Info: Saving project information...
10/10/2016 15:45:20, Info: Initializing SIMPLSharp Services...
10/10/2016 15:45:20, Info: ProjectInfo successfully initialized.
10/10/2016 15:45:29, Info: Commiting verification transaction...
10/10/2016 15:45:29, Info: Saving project information...
10/10/2016 15:56:44, Info: Terminating SIMPLSharp Services
10/10/2016 15:56:44, Info: Saving project information...
10/10/2016 15:56:44, Info: Terminating SIMPLSharp Services
10/10/2016 15:56:44, Info: Saving project information...
10/10/2016 15:56:44, Info: Terminating SIMPLSharp Services
10/10/2016 15:56:44, Info: Saving project information...
10/10/2016 15:56:44, Info: Terminating SIMPLSharp Services
10/10/2016 15:56:44, Info: Saving project information...
10/10/2016 15:56:44, Info: Terminating SIMPLSharp Services
10/10/2016 15:56:44, Info: Saving project information...
10/10/2016 15:56:44, Info: Terminating SIMPLSharp Services
10/10/2016 15:56:44, Info: Saving project information...
10/10/2016 15:56:44, Info: Terminating SIMPLSharp Services
10/10/2016 15:56:44, Info: Saving project information...
10/10/2016 15:56:44, Info: Terminating SIMPLSharp Services
10/10/2016 15:56:44, Info: Saving project information...
10/10/2016 15:56:44, Info: Terminating SIMPLSharp Services
10/10/2016 15:56:44, Info: Saving project information...
10/10/2016 15:56:44, Info: Terminating SIMPLSharp Services
10/10/2016 15:56:44, Info: Saving project information...
10/10/2016 15:56:44, Info: Terminating SIMPLSharp Services
10/10/2016 15:56:44, Info: Saving project information...
10/10/2016 15:56:44, Info: Terminating SIMPLSharp Services
10/10/2016 15:56:44, Info: Saving project information...
10/10/2016 15:56:44, Info: Terminating SIMPLSharp Services
10/10/2016 15:56:44, Info: Saving project information...
10/10/2016 15:56:44, Info: Terminating SIMPLSharp Services
10/10/2016 15:56:44, Info: Saving project information...
10/10/2016 15:56:44, Info: Terminating SIMPLSharp Services
10/10/2016 15:56:44, Info: Saving project information...
10/10/2016 15:56:44, Info: Terminating SIMPLSharp Services
10/10/2016 15:56:44, Info: Saving project information...
10/10/2016 15:56:44, Info: Terminating SIMPLSharp Services
10/10/2016 15:56:44, Info: Saving project information...
10/10/2016 15:56:44, Info: Terminating SIMPLSharp Services
10/10/2016 15:56:44, Info: Saving project information...
10/10/2016 15:56:44, Info: Terminating SIMPLSharp Services
