11/10/2016 13:53:56, Info: Initializing SIMPLSharp Services...
11/10/2016 13:53:56, Info: ProjectInfo successfully initialized.
11/10/2016 13:54:05, Info: Commiting verification transaction...
11/10/2016 13:54:05, Info: Saving project information...
11/10/2016 13:59:16, Info: Initializing SIMPLSharp Services...
11/10/2016 13:59:16, Info: ProjectInfo successfully initialized.
11/10/2016 13:59:25, Info: Commiting verification transaction...
11/10/2016 13:59:25, Info: Saving project information...
11/10/2016 14:15:51, Info: Initializing SIMPLSharp Services...
11/10/2016 14:15:51, Info: ProjectInfo successfully initialized.
11/10/2016 14:16:00, Info: Commiting verification transaction...
11/10/2016 14:16:00, Info: Saving project information...
11/10/2016 14:16:18, Info: Initializing SIMPLSharp Services...
11/10/2016 14:16:18, Info: ProjectInfo successfully initialized.
11/10/2016 14:16:26, Info: Commiting verification transaction...
11/10/2016 14:16:26, Info: Saving project information...
11/10/2016 14:17:53, Info: Terminating SIMPLSharp Services
11/10/2016 14:17:53, Info: Saving project information...
11/10/2016 14:17:53, Info: Terminating SIMPLSharp Services
11/10/2016 14:17:53, Info: Saving project information...
11/10/2016 14:17:53, Info: Terminating SIMPLSharp Services
11/10/2016 14:17:53, Info: Saving project information...
11/10/2016 14:17:53, Info: Terminating SIMPLSharp Services
