11/10/2016 08:08:33, Info: Initializing SIMPLSharp Services...
11/10/2016 08:08:33, Info: ProjectInfo successfully initialized.
11/10/2016 08:08:41, Info: Commiting verification transaction...
11/10/2016 08:08:41, Info: Saving project information...
11/10/2016 08:44:32, Info: Initializing SIMPLSharp Services...
11/10/2016 08:44:32, Info: ProjectInfo successfully initialized.
11/10/2016 08:44:41, Info: Commiting verification transaction...
11/10/2016 08:44:41, Info: Saving project information...
11/10/2016 08:45:30, Info: Initializing SIMPLSharp Services...
11/10/2016 08:45:30, Info: ProjectInfo successfully initialized.
11/10/2016 08:45:39, Info: Commiting verification transaction...
11/10/2016 08:45:39, Info: Saving project information...
11/10/2016 08:58:00, Info: Initializing SIMPLSharp Services...
11/10/2016 08:58:00, Info: ProjectInfo successfully initialized.
11/10/2016 08:58:08, Info: Commiting verification transaction...
11/10/2016 08:58:08, Info: Saving project information...
11/10/2016 09:13:36, Info: Initializing SIMPLSharp Services...
11/10/2016 09:13:36, Info: ProjectInfo successfully initialized.
11/10/2016 09:13:45, Info: Commiting verification transaction...
11/10/2016 09:13:45, Info: Saving project information...
11/10/2016 09:45:11, Info: Initializing SIMPLSharp Services...
11/10/2016 09:45:11, Info: ProjectInfo successfully initialized.
11/10/2016 09:45:19, Info: Commiting verification transaction...
11/10/2016 09:45:19, Info: Saving project information...
11/10/2016 09:54:03, Info: Initializing SIMPLSharp Services...
11/10/2016 09:54:03, Info: ProjectInfo successfully initialized.
11/10/2016 09:54:11, Info: Commiting verification transaction...
11/10/2016 09:54:11, Info: Saving project information...
11/10/2016 10:15:39, Info: Initializing SIMPLSharp Services...
11/10/2016 10:15:39, Info: ProjectInfo successfully initialized.
11/10/2016 10:15:48, Info: Commiting verification transaction...
11/10/2016 10:15:48, Info: Saving project information...
11/10/2016 10:26:12, Info: Initializing SIMPLSharp Services...
11/10/2016 10:26:12, Info: ProjectInfo successfully initialized.
11/10/2016 10:26:21, Info: Commiting verification transaction...
11/10/2016 10:26:21, Info: Saving project information...
11/10/2016 11:48:30, Info: Initializing SIMPLSharp Services...
11/10/2016 11:48:30, Info: ProjectInfo successfully initialized.
11/10/2016 11:48:39, Info: Commiting verification transaction...
11/10/2016 11:48:39, Info: Saving project information...
11/10/2016 11:49:37, Info: Initializing SIMPLSharp Services...
11/10/2016 11:49:37, Info: ProjectInfo successfully initialized.
11/10/2016 11:49:46, Info: Commiting verification transaction...
11/10/2016 11:49:46, Info: Saving project information...
11/10/2016 12:20:05, Info: Initializing SIMPLSharp Services...
11/10/2016 12:20:05, Info: ProjectInfo successfully initialized.
11/10/2016 12:20:14, Info: Commiting verification transaction...
11/10/2016 12:20:14, Info: Saving project information...
11/10/2016 12:22:28, Info: Initializing SIMPLSharp Services...
11/10/2016 12:22:28, Info: ProjectInfo successfully initialized.
11/10/2016 12:22:37, Info: Commiting verification transaction...
11/10/2016 12:22:37, Info: Saving project information...
11/10/2016 12:44:50, Info: Terminating SIMPLSharp Services
11/10/2016 12:44:50, Info: Saving project information...
11/10/2016 12:44:50, Info: Terminating SIMPLSharp Services
11/10/2016 12:44:50, Info: Saving project information...
11/10/2016 12:44:50, Info: Terminating SIMPLSharp Services
11/10/2016 12:44:50, Info: Saving project information...
11/10/2016 12:44:50, Info: Terminating SIMPLSharp Services
11/10/2016 12:44:50, Info: Saving project information...
11/10/2016 12:44:50, Info: Terminating SIMPLSharp Services
11/10/2016 12:44:50, Info: Saving project information...
11/10/2016 12:44:50, Info: Terminating SIMPLSharp Services
11/10/2016 12:44:50, Info: Saving project information...
11/10/2016 12:44:50, Info: Terminating SIMPLSharp Services
11/10/2016 12:44:50, Info: Saving project information...
11/10/2016 12:44:50, Info: Terminating SIMPLSharp Services
11/10/2016 12:44:50, Info: Saving project information...
11/10/2016 12:44:50, Info: Terminating SIMPLSharp Services
11/10/2016 12:44:50, Info: Saving project information...
11/10/2016 12:44:50, Info: Terminating SIMPLSharp Services
11/10/2016 12:44:50, Info: Saving project information...
11/10/2016 12:44:50, Info: Terminating SIMPLSharp Services
11/10/2016 12:44:50, Info: Saving project information...
11/10/2016 12:44:50, Info: Terminating SIMPLSharp Services
11/10/2016 12:44:50, Info: Saving project information...
11/10/2016 12:44:50, Info: Terminating SIMPLSharp Services
