02/11/2016 10:33:12, Info: Initializing SIMPLSharp Services...
02/11/2016 10:33:12, Info: ProjectInfo successfully initialized.
02/11/2016 10:33:23, Info: Commiting verification transaction...
02/11/2016 10:33:23, Info: Saving project information...
02/11/2016 10:35:13, Info: Initializing SIMPLSharp Services...
02/11/2016 10:35:13, Info: ProjectInfo successfully initialized.
02/11/2016 10:35:22, Info: Commiting verification transaction...
02/11/2016 10:35:22, Info: Saving project information...
02/11/2016 10:48:14, Info: Initializing SIMPLSharp Services...
02/11/2016 10:48:14, Info: ProjectInfo successfully initialized.
02/11/2016 10:48:22, Info: Commiting verification transaction...
02/11/2016 10:48:22, Info: Saving project information...
02/11/2016 10:48:47, Info: Initializing SIMPLSharp Services...
02/11/2016 10:48:47, Info: ProjectInfo successfully initialized.
02/11/2016 10:48:55, Info: Commiting verification transaction...
02/11/2016 10:48:55, Info: Saving project information...
02/11/2016 11:13:03, Info: Initializing SIMPLSharp Services...
02/11/2016 11:13:03, Info: ProjectInfo successfully initialized.
02/11/2016 11:13:10, Info: Commiting verification transaction...
02/11/2016 11:13:10, Info: Saving project information...
02/11/2016 11:33:09, Info: Initializing SIMPLSharp Services...
02/11/2016 11:33:09, Info: ProjectInfo successfully initialized.
02/11/2016 11:33:17, Info: Commiting verification transaction...
02/11/2016 11:33:17, Info: Saving project information...
02/11/2016 11:36:43, Info: Initializing SIMPLSharp Services...
02/11/2016 11:36:43, Info: ProjectInfo successfully initialized.
02/11/2016 11:36:50, Info: Commiting verification transaction...
02/11/2016 11:36:50, Info: Saving project information...
02/11/2016 11:56:42, Info: Terminating SIMPLSharp Services
02/11/2016 11:56:42, Info: Saving project information...
02/11/2016 11:56:42, Info: Terminating SIMPLSharp Services
02/11/2016 11:56:42, Info: Saving project information...
02/11/2016 11:56:42, Info: Terminating SIMPLSharp Services
02/11/2016 11:56:42, Info: Saving project information...
02/11/2016 11:56:42, Info: Terminating SIMPLSharp Services
02/11/2016 11:56:42, Info: Saving project information...
02/11/2016 11:56:42, Info: Terminating SIMPLSharp Services
02/11/2016 11:56:42, Info: Saving project information...
02/11/2016 11:56:42, Info: Terminating SIMPLSharp Services
02/11/2016 11:56:42, Info: Saving project information...
02/11/2016 11:56:42, Info: Terminating SIMPLSharp Services
