10/10/2016 12:18:45, Info: Initializing SIMPLSharp Services...
10/10/2016 12:18:45, Info: ProjectInfo successfully initialized.
10/10/2016 12:18:52, Info: Commiting verification transaction...
10/10/2016 12:18:52, Info: Saving project information...
10/10/2016 12:21:33, Info: Initializing SIMPLSharp Services...
10/10/2016 12:21:33, Info: ProjectInfo successfully initialized.
10/10/2016 12:21:40, Info: Commiting verification transaction...
10/10/2016 12:21:40, Info: Saving project information...
10/10/2016 12:26:49, Info: Initializing SIMPLSharp Services...
10/10/2016 12:26:49, Info: ProjectInfo successfully initialized.
10/10/2016 12:26:56, Info: Commiting verification transaction...
10/10/2016 12:26:56, Info: Saving project information...
10/10/2016 12:35:08, Info: Initializing SIMPLSharp Services...
10/10/2016 12:35:08, Info: ProjectInfo successfully initialized.
10/10/2016 12:35:14, Info: Commiting verification transaction...
10/10/2016 12:35:14, Info: Saving project information...
10/10/2016 12:41:23, Info: Initializing SIMPLSharp Services...
10/10/2016 12:41:23, Info: ProjectInfo successfully initialized.
10/10/2016 12:41:29, Info: Commiting verification transaction...
10/10/2016 12:41:29, Info: Saving project information...
10/10/2016 12:49:24, Info: Initializing SIMPLSharp Services...
10/10/2016 12:49:24, Info: ProjectInfo successfully initialized.
10/10/2016 12:49:30, Info: Commiting verification transaction...
10/10/2016 12:49:30, Info: Saving project information...
10/10/2016 12:56:10, Info: Initializing SIMPLSharp Services...
10/10/2016 12:56:10, Info: ProjectInfo successfully initialized.
10/10/2016 12:56:18, Info: Commiting verification transaction...
10/10/2016 12:56:18, Info: Saving project information...
10/10/2016 12:59:55, Info: Initializing SIMPLSharp Services...
10/10/2016 12:59:55, Info: ProjectInfo successfully initialized.
10/10/2016 13:00:03, Info: Commiting verification transaction...
10/10/2016 13:00:03, Info: Saving project information...
10/10/2016 13:00:31, Info: Initializing SIMPLSharp Services...
10/10/2016 13:00:31, Info: ProjectInfo successfully initialized.
10/10/2016 13:00:39, Info: Commiting verification transaction...
10/10/2016 13:00:39, Info: Saving project information...
10/10/2016 13:02:39, Info: Initializing SIMPLSharp Services...
10/10/2016 13:02:39, Info: ProjectInfo successfully initialized.
10/10/2016 13:02:47, Info: Commiting verification transaction...
10/10/2016 13:02:47, Info: Saving project information...
10/10/2016 13:05:18, Info: Initializing SIMPLSharp Services...
10/10/2016 13:05:18, Info: ProjectInfo successfully initialized.
10/10/2016 13:05:26, Info: Commiting verification transaction...
10/10/2016 13:05:26, Info: Saving project information...
10/10/2016 13:44:33, Info: Terminating SIMPLSharp Services
10/10/2016 13:44:33, Info: Saving project information...
10/10/2016 13:44:33, Info: Terminating SIMPLSharp Services
10/10/2016 13:44:33, Info: Saving project information...
10/10/2016 13:44:33, Info: Terminating SIMPLSharp Services
10/10/2016 13:44:33, Info: Saving project information...
10/10/2016 13:44:33, Info: Terminating SIMPLSharp Services
10/10/2016 13:44:33, Info: Saving project information...
10/10/2016 13:44:33, Info: Terminating SIMPLSharp Services
10/10/2016 13:44:33, Info: Saving project information...
10/10/2016 13:44:33, Info: Terminating SIMPLSharp Services
10/10/2016 13:44:33, Info: Saving project information...
10/10/2016 13:44:33, Info: Terminating SIMPLSharp Services
10/10/2016 13:44:33, Info: Saving project information...
10/10/2016 13:44:33, Info: Terminating SIMPLSharp Services
10/10/2016 13:44:33, Info: Saving project information...
10/10/2016 13:44:33, Info: Terminating SIMPLSharp Services
10/10/2016 13:44:33, Info: Saving project information...
10/10/2016 13:44:33, Info: Terminating SIMPLSharp Services
10/10/2016 13:44:33, Info: Saving project information...
10/10/2016 13:44:33, Info: Terminating SIMPLSharp Services
